<?xml version="1.0" encoding="UTF-8"?>
<!-- Generated by org.testng.reporters.JUnitXMLReporter -->
<testsuite ignored="0" hostname="DESKTOP-KMNS09Q" failures="0" tests="3" name="Default test" time="139.759" errors="0" timestamp="2024-10-03T18:55:25 ICT">
  <testcase classname="login.UserRegistrationTestNG" name="testUserRegistration" time="127.503"/>
  <testcase classname="login.UserRegistrationTestNG" name="testUserRegistration" time="6.192"/>
  <testcase classname="login.UserRegistrationTestNG" name="testUserRegistration" time="5.951"/>
</testsuite> <!-- Default test -->
