<?xml version="1.0" encoding="UTF-8"?>
<testng-results ignored="0" total="3" passed="3" failed="0" skipped="0">
  <reporter-output>
  </reporter-output>
  <suite started-at="2024-10-03T18:53:05 ICT" name="Default suite" finished-at="2024-10-03T18:55:25 ICT" duration-ms="139759">
    <groups>
    </groups>
    <test started-at="2024-10-03T18:53:05 ICT" name="Default test" finished-at="2024-10-03T18:55:25 ICT" duration-ms="139759">
      <class name="login.UserRegistrationTestNG">
        <test-method signature="testUserRegistration(java.lang.String,java.lang.String,boolean)[pri:0, instance:login.UserRegistrationTestNG@5158b42f]" started-at="2024-10-03T18:53:05 ICT" name="testUserRegistration" data-provider="registrationData" finished-at="2024-10-03T18:55:12 ICT" duration-ms="127503" status="PASS">
          <params>
            <param index="0">
              <value>
                <![CDATA[existingUser@gmail.com]]>
              </value>
            </param>
            <param index="1">
              <value>
                <![CDATA[WeakPass1]]>
              </value>
            </param>
            <param index="2">
              <value>
                <![CDATA[false]]>
              </value>
            </param>
          </params>
          <reporter-output>
          </reporter-output>
        </test-method> <!-- testUserRegistration -->
        <test-method signature="testUserRegistration(java.lang.String,java.lang.String,boolean)[pri:0, instance:login.UserRegistrationTestNG@5158b42f]" started-at="2024-10-03T18:55:12 ICT" name="testUserRegistration" data-provider="registrationData" finished-at="2024-10-03T18:55:19 ICT" duration-ms="6192" status="PASS">
          <params>
            <param index="0">
              <value>
                <![CDATA[newUser@gmail.com]]>
              </value>
            </param>
            <param index="1">
              <value>
                <![CDATA[weakpass]]>
              </value>
            </param>
            <param index="2">
              <value>
                <![CDATA[false]]>
              </value>
            </param>
          </params>
          <reporter-output>
          </reporter-output>
        </test-method> <!-- testUserRegistration -->
        <test-method signature="testUserRegistration(java.lang.String,java.lang.String,boolean)[pri:0, instance:login.UserRegistrationTestNG@5158b42f]" started-at="2024-10-03T18:55:19 ICT" name="testUserRegistration" data-provider="registrationData" finished-at="2024-10-03T18:55:25 ICT" duration-ms="5951" status="PASS">
          <params>
            <param index="0">
              <value>
                <![CDATA[newUser2@gmail.com]]>
              </value>
            </param>
            <param index="1">
              <value>
                <![CDATA[StrongPass1]]>
              </value>
            </param>
            <param index="2">
              <value>
                <![CDATA[true]]>
              </value>
            </param>
          </params>
          <reporter-output>
          </reporter-output>
        </test-method> <!-- testUserRegistration -->
      </class> <!-- login.UserRegistrationTestNG -->
    </test> <!-- Default test -->
  </suite> <!-- Default suite -->
</testng-results>
